<?xml version="1.0" encoding="UTF-8"?>
<!-- Generated by org.testng.reporters.JUnitReportReporter -->
<testsuite hostname="user-pc" name="testcase.wrongPorN" tests="3" failures="0" timestamp="28 Mar 2017 07:45:32 GMT" time="10.780" errors="0">
  <testcase name="logInwusn" time="3.241" classname="testcase.wrongPorN"/>
  <testcase name="logInNoUsn" time="3.208" classname="testcase.wrongPorN"/>
  <testcase name="logInwpwd" time="4.331" classname="testcase.wrongPorN"/>
</testsuite> <!-- testcase.wrongPorN -->
