<?xml version="1.0" encoding="UTF-8"?>
<!-- Generated by org.testng.reporters.JUnitReportReporter -->
<testsuite hostname="user-pc" name="testcase.loginCaihong" tests="3" failures="0" timestamp="28 Mar 2017 02:28:38 GMT" time="49.430" errors="0">
  <testcase name="pdcManage" time="11.498" classname="testcase.loginCaihong"/>
  <testcase name="newPlan" time="31.668" classname="testcase.loginCaihong"/>
  <testcase name="Login" time="6.264" classname="testcase.loginCaihong"/>
</testsuite> <!-- testcase.loginCaihong -->
